<?xml version="1.0" encoding="UTF-8"?>
<testng-results skipped="0" failed="0" ignored="0" total="1" passed="1">
  <reporter-output>
  </reporter-output>
  <suite name="Default suite" duration-ms="16873" started-at="2020-05-02T23:09:04 BST" finished-at="2020-05-02T23:09:21 BST">
    <groups>
    </groups>
    <test name="Default test" duration-ms="16873" started-at="2020-05-02T23:09:04 BST" finished-at="2020-05-02T23:09:21 BST">
      <class name="com.test.FileDownload_Ex1">
        <test-method status="PASS" signature="File_Download()[pri:0, instance:com.test.FileDownload_Ex1@49fc609f]" name="File_Download" duration-ms="16747" started-at="2020-05-02T23:09:05 BST" finished-at="2020-05-02T23:09:21 BST">
          <reporter-output>
          </reporter-output>
        </test-method> <!-- File_Download -->
      </class> <!-- com.test.FileDownload_Ex1 -->
    </test> <!-- Default test -->
  </suite> <!-- Default suite -->
</testng-results>
